<?xml version="1.0" encoding="UTF-8"?>
<!-- Generated by org.testng.reporters.JUnitReportReporter -->
<testsuite skipped="0" hostname="DESKTOP-SR7A7MR" name="com.training.sanity.tests.Medium_TC1_AddNewFeature" tests="1" failures="0" timestamp="30 Nov 2019 15:21:23 GMT" time="119.551" errors="0">
  <testcase name="validLoginTest" time="119.551" classname="com.training.sanity.tests.Medium_TC1_AddNewFeature"/>
</testsuite> <!-- com.training.sanity.tests.Medium_TC1_AddNewFeature -->
