<?xml version="1.0" encoding="UTF-8"?>
<!-- Generated by org.testng.reporters.JUnitReportReporter -->
<testsuite skipped="0" hostname="DESKTOP-SR7A7MR" name="com.training.sanity.tests.Medium_TC2_AddNewRegion" tests="1" failures="0" timestamp="30 Nov 2019 16:34:25 GMT" time="193.251" errors="0">
  <testcase name="validLoginTest" time="193.251" classname="com.training.sanity.tests.Medium_TC2_AddNewRegion"/>
</testsuite> <!-- com.training.sanity.tests.Medium_TC2_AddNewRegion -->
