<?xml version="1.0" encoding="UTF-8"?>
<!-- Generated by org.testng.reporters.JUnitReportReporter -->
<testsuite skipped="0" hostname="DESKTOP-SR7A7MR" name="com.training.sanity.tests.Medium_TC3_SelectAddedFeatureRegion" tests="1" failures="0" timestamp="30 Nov 2019 16:55:25 GMT" time="112.292" errors="0">
  <testcase name="validLoginTest" time="112.292" classname="com.training.sanity.tests.Medium_TC3_SelectAddedFeatureRegion"/>
</testsuite> <!-- com.training.sanity.tests.Medium_TC3_SelectAddedFeatureRegion -->
