<?xml version="1.0" encoding="UTF-8"?>
<!-- Generated by org.testng.reporters.JUnitReportReporter -->
<testsuite skipped="0" hostname="DESKTOP-SR7A7MR" name="com.training.sanity.tests.TC1_PublishPostTest" tests="1" failures="0" timestamp="27 Nov 2019 17:50:59 GMT" time="87.687" errors="0">
  <testcase name="validLoginTest" time="87.687" classname="com.training.sanity.tests.TC1_PublishPostTest"/>
</testsuite> <!-- com.training.sanity.tests.TC1_PublishPostTest -->
