<?xml version="1.0" encoding="UTF-8"?>
<!-- Generated by org.testng.reporters.JUnitReportReporter -->
<testsuite skipped="0" hostname="DESKTOP-SR7A7MR" name="com.training.sanity.tests.TC2_AddCategoryTests" tests="1" failures="0" timestamp="27 Nov 2019 17:44:43 GMT" time="78.925" errors="0">
  <testcase name="validLoginTest" time="78.925" classname="com.training.sanity.tests.TC2_AddCategoryTests"/>
</testsuite> <!-- com.training.sanity.tests.TC2_AddCategoryTests -->
